<?xml version="1.0" encoding="UTF-8" ?>
<testsuite errors="0" failures="0" hostname="dsday3636" name="com.baristamatic.DrinkTests" tests="1" time="0.937" timestamp="2010-10-05T17:19:10">
  <properties />
  <testcase classname="com.baristamatic.DrinkTests" name="testSave" time="0.937" />
  <system-out><![CDATA[--Output from testSave--
]]></system-out>
  <system-err><![CDATA[--Output from testSave--
]]></system-err>
</testsuite>
